CRITICAL - 2021-12-24 01:53:55 --> Undefined index: idBarang
#0 C:\xampp\htdocs\tokoku\app\Controllers\Transaksi.php(27): CodeIgniter\Debug\Exceptions->errorHandler(8, 'Undefined index...', 'C:\\xampp\\htdocs...', 27, Array)
#1 C:\xampp\htdocs\tokoku\system\CodeIgniter.php(824): App\Controllers\Transaksi->tambah()
#2 C:\xampp\htdocs\tokoku\system\CodeIgniter.php(410): CodeIgniter\CodeIgniter->runController(Object(App\Controllers\Transaksi))
#3 C:\xampp\htdocs\tokoku\system\CodeIgniter.php(318): CodeIgniter\CodeIgniter->handleRequest(NULL, Object(Config\Cache), false)
#4 C:\xampp\htdocs\tokoku\index.php(37): CodeIgniter\CodeIgniter->run()
#5 {main}
CRITICAL - 2021-12-24 01:54:06 --> count(): Parameter must be an array or an object that implements Countable
#0 [internal function]: CodeIgniter\Debug\Exceptions->errorHandler(2, 'count(): Parame...', 'C:\\xampp\\htdocs...', 26, Array)
#1 C:\xampp\htdocs\tokoku\app\Controllers\Transaksi.php(26): count(NULL)
#2 C:\xampp\htdocs\tokoku\system\CodeIgniter.php(824): App\Controllers\Transaksi->tambah()
#3 C:\xampp\htdocs\tokoku\system\CodeIgniter.php(410): CodeIgniter\CodeIgniter->runController(Object(App\Controllers\Transaksi))
#4 C:\xampp\htdocs\tokoku\system\CodeIgniter.php(318): CodeIgniter\CodeIgniter->handleRequest(NULL, Object(Config\Cache), false)
#5 C:\xampp\htdocs\tokoku\index.php(37): CodeIgniter\CodeIgniter->run()
#6 {main}
CRITICAL - 2021-12-24 01:59:38 --> Undefined index: idBarang
#0 C:\xampp\htdocs\tokoku\app\Controllers\Transaksi.php(27): CodeIgniter\Debug\Exceptions->errorHandler(8, 'Undefined index...', 'C:\\xampp\\htdocs...', 27, Array)
#1 C:\xampp\htdocs\tokoku\system\CodeIgniter.php(824): App\Controllers\Transaksi->tambah()
#2 C:\xampp\htdocs\tokoku\system\CodeIgniter.php(410): CodeIgniter\CodeIgniter->runController(Object(App\Controllers\Transaksi))
#3 C:\xampp\htdocs\tokoku\system\CodeIgniter.php(318): CodeIgniter\CodeIgniter->handleRequest(NULL, Object(Config\Cache), false)
#4 C:\xampp\htdocs\tokoku\index.php(37): CodeIgniter\CodeIgniter->run()
#5 {main}
CRITICAL - 2021-12-24 02:01:33 --> Undefined index: idBarang
#0 C:\xampp\htdocs\tokoku\app\Controllers\Transaksi.php(28): CodeIgniter\Debug\Exceptions->errorHandler(8, 'Undefined index...', 'C:\\xampp\\htdocs...', 28, Array)
#1 C:\xampp\htdocs\tokoku\system\CodeIgniter.php(824): App\Controllers\Transaksi->tambah()
#2 C:\xampp\htdocs\tokoku\system\CodeIgniter.php(410): CodeIgniter\CodeIgniter->runController(Object(App\Controllers\Transaksi))
#3 C:\xampp\htdocs\tokoku\system\CodeIgniter.php(318): CodeIgniter\CodeIgniter->handleRequest(NULL, Object(Config\Cache), false)
#4 C:\xampp\htdocs\tokoku\index.php(37): CodeIgniter\CodeIgniter->run()
#5 {main}
CRITICAL - 2021-12-24 02:01:43 --> Undefined index: idBarang
#0 C:\xampp\htdocs\tokoku\app\Controllers\Transaksi.php(28): CodeIgniter\Debug\Exceptions->errorHandler(8, 'Undefined index...', 'C:\\xampp\\htdocs...', 28, Array)
#1 C:\xampp\htdocs\tokoku\system\CodeIgniter.php(824): App\Controllers\Transaksi->tambah()
#2 C:\xampp\htdocs\tokoku\system\CodeIgniter.php(410): CodeIgniter\CodeIgniter->runController(Object(App\Controllers\Transaksi))
#3 C:\xampp\htdocs\tokoku\system\CodeIgniter.php(318): CodeIgniter\CodeIgniter->handleRequest(NULL, Object(Config\Cache), false)
#4 C:\xampp\htdocs\tokoku\index.php(37): CodeIgniter\CodeIgniter->run()
#5 {main}
CRITICAL - 2021-12-24 02:03:17 --> Undefined index: idBarang
#0 C:\xampp\htdocs\tokoku\app\Controllers\Transaksi.php(28): CodeIgniter\Debug\Exceptions->errorHandler(8, 'Undefined index...', 'C:\\xampp\\htdocs...', 28, Array)
#1 C:\xampp\htdocs\tokoku\system\CodeIgniter.php(824): App\Controllers\Transaksi->tambah()
#2 C:\xampp\htdocs\tokoku\system\CodeIgniter.php(410): CodeIgniter\CodeIgniter->runController(Object(App\Controllers\Transaksi))
#3 C:\xampp\htdocs\tokoku\system\CodeIgniter.php(318): CodeIgniter\CodeIgniter->handleRequest(NULL, Object(Config\Cache), false)
#4 C:\xampp\htdocs\tokoku\index.php(37): CodeIgniter\CodeIgniter->run()
#5 {main}
CRITICAL - 2021-12-24 02:04:11 --> Undefined index: idBarang
#0 C:\xampp\htdocs\tokoku\app\Controllers\Transaksi.php(28): CodeIgniter\Debug\Exceptions->errorHandler(8, 'Undefined index...', 'C:\\xampp\\htdocs...', 28, Array)
#1 C:\xampp\htdocs\tokoku\system\CodeIgniter.php(824): App\Controllers\Transaksi->tambah()
#2 C:\xampp\htdocs\tokoku\system\CodeIgniter.php(410): CodeIgniter\CodeIgniter->runController(Object(App\Controllers\Transaksi))
#3 C:\xampp\htdocs\tokoku\system\CodeIgniter.php(318): CodeIgniter\CodeIgniter->handleRequest(NULL, Object(Config\Cache), false)
#4 C:\xampp\htdocs\tokoku\index.php(37): CodeIgniter\CodeIgniter->run()
#5 {main}
CRITICAL - 2021-12-24 02:04:50 --> Undefined index: idBarang
#0 C:\xampp\htdocs\tokoku\app\Controllers\Transaksi.php(28): CodeIgniter\Debug\Exceptions->errorHandler(8, 'Undefined index...', 'C:\\xampp\\htdocs...', 28, Array)
#1 C:\xampp\htdocs\tokoku\system\CodeIgniter.php(824): App\Controllers\Transaksi->tambah()
#2 C:\xampp\htdocs\tokoku\system\CodeIgniter.php(410): CodeIgniter\CodeIgniter->runController(Object(App\Controllers\Transaksi))
#3 C:\xampp\htdocs\tokoku\system\CodeIgniter.php(318): CodeIgniter\CodeIgniter->handleRequest(NULL, Object(Config\Cache), false)
#4 C:\xampp\htdocs\tokoku\index.php(37): CodeIgniter\CodeIgniter->run()
#5 {main}
CRITICAL - 2021-12-24 02:05:28 --> Undefined index: idBarang
#0 C:\xampp\htdocs\tokoku\app\Controllers\Transaksi.php(28): CodeIgniter\Debug\Exceptions->errorHandler(8, 'Undefined index...', 'C:\\xampp\\htdocs...', 28, Array)
#1 C:\xampp\htdocs\tokoku\system\CodeIgniter.php(824): App\Controllers\Transaksi->tambah()
#2 C:\xampp\htdocs\tokoku\system\CodeIgniter.php(410): CodeIgniter\CodeIgniter->runController(Object(App\Controllers\Transaksi))
#3 C:\xampp\htdocs\tokoku\system\CodeIgniter.php(318): CodeIgniter\CodeIgniter->handleRequest(NULL, Object(Config\Cache), false)
#4 C:\xampp\htdocs\tokoku\index.php(37): CodeIgniter\CodeIgniter->run()
#5 {main}
CRITICAL - 2021-12-24 02:06:06 --> Return value of CodeIgniter\BaseModel::transformDataToArray() must be of the type array, int returned
#0 C:\xampp\htdocs\tokoku\system\BaseModel.php(832): CodeIgniter\BaseModel->transformDataToArray(4, 'update')
#1 C:\xampp\htdocs\tokoku\system\Model.php(646): CodeIgniter\BaseModel->update(Array, 4)
#2 C:\xampp\htdocs\tokoku\app\Controllers\Transaksi.php(28): CodeIgniter\Model->update('1', 4)
#3 C:\xampp\htdocs\tokoku\system\CodeIgniter.php(824): App\Controllers\Transaksi->tambah()
#4 C:\xampp\htdocs\tokoku\system\CodeIgniter.php(410): CodeIgniter\CodeIgniter->runController(Object(App\Controllers\Transaksi))
#5 C:\xampp\htdocs\tokoku\system\CodeIgniter.php(318): CodeIgniter\CodeIgniter->handleRequest(NULL, Object(Config\Cache), false)
#6 C:\xampp\htdocs\tokoku\index.php(37): CodeIgniter\CodeIgniter->run()
#7 {main}
CRITICAL - 2021-12-24 02:06:41 --> Return value of CodeIgniter\BaseModel::transformDataToArray() must be of the type array, int returned
#0 C:\xampp\htdocs\tokoku\system\BaseModel.php(832): CodeIgniter\BaseModel->transformDataToArray(4, 'update')
#1 C:\xampp\htdocs\tokoku\system\Model.php(646): CodeIgniter\BaseModel->update(Array, 4)
#2 C:\xampp\htdocs\tokoku\app\Controllers\Transaksi.php(28): CodeIgniter\Model->update('1', 4)
#3 C:\xampp\htdocs\tokoku\system\CodeIgniter.php(824): App\Controllers\Transaksi->tambah()
#4 C:\xampp\htdocs\tokoku\system\CodeIgniter.php(410): CodeIgniter\CodeIgniter->runController(Object(App\Controllers\Transaksi))
#5 C:\xampp\htdocs\tokoku\system\CodeIgniter.php(318): CodeIgniter\CodeIgniter->handleRequest(NULL, Object(Config\Cache), false)
#6 C:\xampp\htdocs\tokoku\index.php(37): CodeIgniter\CodeIgniter->run()
#7 {main}
CRITICAL - 2021-12-24 02:07:06 --> Return value of CodeIgniter\BaseModel::transformDataToArray() must be of the type array, int returned
#0 C:\xampp\htdocs\tokoku\system\BaseModel.php(832): CodeIgniter\BaseModel->transformDataToArray(4, 'update')
#1 C:\xampp\htdocs\tokoku\system\Model.php(646): CodeIgniter\BaseModel->update(Array, 4)
#2 C:\xampp\htdocs\tokoku\app\Controllers\Transaksi.php(28): CodeIgniter\Model->update('1', 4)
#3 C:\xampp\htdocs\tokoku\system\CodeIgniter.php(824): App\Controllers\Transaksi->tambah()
#4 C:\xampp\htdocs\tokoku\system\CodeIgniter.php(410): CodeIgniter\CodeIgniter->runController(Object(App\Controllers\Transaksi))
#5 C:\xampp\htdocs\tokoku\system\CodeIgniter.php(318): CodeIgniter\CodeIgniter->handleRequest(NULL, Object(Config\Cache), false)
#6 C:\xampp\htdocs\tokoku\index.php(37): CodeIgniter\CodeIgniter->run()
#7 {main}
CRITICAL - 2021-12-24 02:07:16 --> Return value of CodeIgniter\BaseModel::transformDataToArray() must be of the type array, int returned
#0 C:\xampp\htdocs\tokoku\system\BaseModel.php(832): CodeIgniter\BaseModel->transformDataToArray(4, 'update')
#1 C:\xampp\htdocs\tokoku\system\Model.php(646): CodeIgniter\BaseModel->update(Array, 4)
#2 C:\xampp\htdocs\tokoku\app\Controllers\Transaksi.php(28): CodeIgniter\Model->update('1', 4)
#3 C:\xampp\htdocs\tokoku\system\CodeIgniter.php(824): App\Controllers\Transaksi->tambah()
#4 C:\xampp\htdocs\tokoku\system\CodeIgniter.php(410): CodeIgniter\CodeIgniter->runController(Object(App\Controllers\Transaksi))
#5 C:\xampp\htdocs\tokoku\system\CodeIgniter.php(318): CodeIgniter\CodeIgniter->handleRequest(NULL, Object(Config\Cache), false)
#6 C:\xampp\htdocs\tokoku\index.php(37): CodeIgniter\CodeIgniter->run()
#7 {main}
CRITICAL - 2021-12-24 02:07:33 --> Return value of CodeIgniter\BaseModel::transformDataToArray() must be of the type array, int returned
#0 C:\xampp\htdocs\tokoku\system\BaseModel.php(832): CodeIgniter\BaseModel->transformDataToArray(4, 'update')
#1 C:\xampp\htdocs\tokoku\system\Model.php(646): CodeIgniter\BaseModel->update(Array, 4)
#2 C:\xampp\htdocs\tokoku\app\Controllers\Transaksi.php(28): CodeIgniter\Model->update(1, 4)
#3 C:\xampp\htdocs\tokoku\system\CodeIgniter.php(824): App\Controllers\Transaksi->tambah()
#4 C:\xampp\htdocs\tokoku\system\CodeIgniter.php(410): CodeIgniter\CodeIgniter->runController(Object(App\Controllers\Transaksi))
#5 C:\xampp\htdocs\tokoku\system\CodeIgniter.php(318): CodeIgniter\CodeIgniter->handleRequest(NULL, Object(Config\Cache), false)
#6 C:\xampp\htdocs\tokoku\index.php(37): CodeIgniter\CodeIgniter->run()
#7 {main}
CRITICAL - 2021-12-24 02:08:25 --> Return value of CodeIgniter\BaseModel::transformDataToArray() must be of the type array, int returned
#0 C:\xampp\htdocs\tokoku\system\BaseModel.php(832): CodeIgniter\BaseModel->transformDataToArray(4, 'update')
#1 C:\xampp\htdocs\tokoku\system\Model.php(646): CodeIgniter\BaseModel->update(Array, 4)
#2 C:\xampp\htdocs\tokoku\app\Controllers\Transaksi.php(28): CodeIgniter\Model->update(1, 4)
#3 C:\xampp\htdocs\tokoku\system\CodeIgniter.php(824): App\Controllers\Transaksi->tambah()
#4 C:\xampp\htdocs\tokoku\system\CodeIgniter.php(410): CodeIgniter\CodeIgniter->runController(Object(App\Controllers\Transaksi))
#5 C:\xampp\htdocs\tokoku\system\CodeIgniter.php(318): CodeIgniter\CodeIgniter->handleRequest(NULL, Object(Config\Cache), false)
#6 C:\xampp\htdocs\tokoku\index.php(37): CodeIgniter\CodeIgniter->run()
#7 {main}
CRITICAL - 2021-12-24 09:40:09 --> Undefined property: App\Controllers\Transaksi::$input
#0 C:\xampp\htdocs\tokoku\app\Controllers\Transaksi.php(36): CodeIgniter\Debug\Exceptions->errorHandler(8, 'Undefined prope...', 'C:\\xampp\\htdocs...', 36, Array)
#1 C:\xampp\htdocs\tokoku\system\CodeIgniter.php(824): App\Controllers\Transaksi->transaksiTerakhir()
#2 C:\xampp\htdocs\tokoku\system\CodeIgniter.php(410): CodeIgniter\CodeIgniter->runController(Object(App\Controllers\Transaksi))
#3 C:\xampp\htdocs\tokoku\system\CodeIgniter.php(318): CodeIgniter\CodeIgniter->handleRequest(NULL, Object(Config\Cache), false)
#4 C:\xampp\htdocs\tokoku\index.php(37): CodeIgniter\CodeIgniter->run()
#5 {main}
CRITICAL - 2021-12-24 09:41:39 --> Undefined property: App\Controllers\Transaksi::$input
#0 C:\xampp\htdocs\tokoku\app\Controllers\Transaksi.php(36): CodeIgniter\Debug\Exceptions->errorHandler(8, 'Undefined prope...', 'C:\\xampp\\htdocs...', 36, Array)
#1 C:\xampp\htdocs\tokoku\system\CodeIgniter.php(824): App\Controllers\Transaksi->transaksiTerakhir()
#2 C:\xampp\htdocs\tokoku\system\CodeIgniter.php(410): CodeIgniter\CodeIgniter->runController(Object(App\Controllers\Transaksi))
#3 C:\xampp\htdocs\tokoku\system\CodeIgniter.php(318): CodeIgniter\CodeIgniter->handleRequest(NULL, Object(Config\Cache), false)
#4 C:\xampp\htdocs\tokoku\index.php(37): CodeIgniter\CodeIgniter->run()
#5 {main}
CRITICAL - 2021-12-24 09:41:46 --> Undefined property: App\Controllers\Transaksi::$input
#0 C:\xampp\htdocs\tokoku\app\Controllers\Transaksi.php(36): CodeIgniter\Debug\Exceptions->errorHandler(8, 'Undefined prope...', 'C:\\xampp\\htdocs...', 36, Array)
#1 C:\xampp\htdocs\tokoku\system\CodeIgniter.php(824): App\Controllers\Transaksi->transaksiTerakhir()
#2 C:\xampp\htdocs\tokoku\system\CodeIgniter.php(410): CodeIgniter\CodeIgniter->runController(Object(App\Controllers\Transaksi))
#3 C:\xampp\htdocs\tokoku\system\CodeIgniter.php(318): CodeIgniter\CodeIgniter->handleRequest(NULL, Object(Config\Cache), false)
#4 C:\xampp\htdocs\tokoku\index.php(37): CodeIgniter\CodeIgniter->run()
#5 {main}
CRITICAL - 2021-12-24 19:12:06 --> Undefined property: App\Controllers\Laporan::$transaksiModel
#0 C:\xampp\htdocs\tokoku\app\Controllers\Laporan.php(16): CodeIgniter\Debug\Exceptions->errorHandler(8, 'Undefined prope...', 'C:\\xampp\\htdocs...', 16, Array)
#1 C:\xampp\htdocs\tokoku\system\CodeIgniter.php(824): App\Controllers\Laporan->dataPenjualan()
#2 C:\xampp\htdocs\tokoku\system\CodeIgniter.php(410): CodeIgniter\CodeIgniter->runController(Object(App\Controllers\Laporan))
#3 C:\xampp\htdocs\tokoku\system\CodeIgniter.php(318): CodeIgniter\CodeIgniter->handleRequest(NULL, Object(Config\Cache), false)
#4 C:\xampp\htdocs\tokoku\index.php(37): CodeIgniter\CodeIgniter->run()
#5 {main}
CRITICAL - 2021-12-24 19:46:47 --> Undefined variable: totalTime
#0 C:\xampp\htdocs\tokoku\system\Debug\Toolbar\Views\toolbar.tpl.php(40): CodeIgniter\Debug\Exceptions->errorHandler(8, 'Undefined varia...', 'C:\\xampp\\htdocs...', 40, Array)
#1 C:\xampp\htdocs\tokoku\system\Debug\Toolbar.php(497): include('C:\\xampp\\htdocs...')
#2 C:\xampp\htdocs\tokoku\system\Debug\Toolbar.php(460): CodeIgniter\Debug\Toolbar->format(Array, 'html')
#3 C:\xampp\htdocs\tokoku\app\Config\Events.php(48): CodeIgniter\Debug\Toolbar->respond()
#4 C:\xampp\htdocs\tokoku\system\Events\Events.php(149): CodeIgniter\Events\Events::Config\{closure}()
#5 C:\xampp\htdocs\tokoku\system\CodeIgniter.php(300): CodeIgniter\Events\Events::trigger('pre_system')
#6 C:\xampp\htdocs\tokoku\index.php(37): CodeIgniter\CodeIgniter->run()
#7 {main}
CRITICAL - 2021-12-24 21:07:19 --> syntax error, unexpected ')'
#0 C:\xampp\htdocs\tokoku\system\Router\Router.php(176): CodeIgniter\Router\Router->autoRoute('login')
#1 C:\xampp\htdocs\tokoku\system\CodeIgniter.php(718): CodeIgniter\Router\Router->handle('login')
#2 C:\xampp\htdocs\tokoku\system\CodeIgniter.php(359): CodeIgniter\CodeIgniter->tryToRouteIt(Object(CodeIgniter\Router\RouteCollection))
#3 C:\xampp\htdocs\tokoku\system\CodeIgniter.php(318): CodeIgniter\CodeIgniter->handleRequest(NULL, Object(Config\Cache), false)
#4 C:\xampp\htdocs\tokoku\index.php(37): CodeIgniter\CodeIgniter->run()
#5 {main}
CRITICAL - 2021-12-24 22:03:31 -->  route cannot be found while reverse-routing.
#0 C:\xampp\htdocs\tokoku\system\HTTP\RedirectResponse.php(56): CodeIgniter\HTTP\Exceptions\HTTPException::forInvalidRedirectRoute('')
#1 C:\xampp\htdocs\tokoku\system\Common.php(840): CodeIgniter\HTTP\RedirectResponse->route(false)
#2 C:\xampp\htdocs\tokoku\app\Controllers\Barang.php(12): redirect('http://localhos...')
#3 C:\xampp\htdocs\tokoku\system\CodeIgniter.php(801): App\Controllers\Barang->__construct()
#4 C:\xampp\htdocs\tokoku\system\CodeIgniter.php(401): CodeIgniter\CodeIgniter->createController()
#5 C:\xampp\htdocs\tokoku\system\CodeIgniter.php(318): CodeIgniter\CodeIgniter->handleRequest(NULL, Object(Config\Cache), false)
#6 C:\xampp\htdocs\tokoku\index.php(37): CodeIgniter\CodeIgniter->run()
#7 {main}
CRITICAL - 2021-12-24 22:03:43 -->  route cannot be found while reverse-routing.
#0 C:\xampp\htdocs\tokoku\system\HTTP\RedirectResponse.php(56): CodeIgniter\HTTP\Exceptions\HTTPException::forInvalidRedirectRoute('')
#1 C:\xampp\htdocs\tokoku\system\Common.php(840): CodeIgniter\HTTP\RedirectResponse->route(false)
#2 C:\xampp\htdocs\tokoku\app\Controllers\Barang.php(12): redirect('http://localhos...')
#3 C:\xampp\htdocs\tokoku\system\CodeIgniter.php(801): App\Controllers\Barang->__construct()
#4 C:\xampp\htdocs\tokoku\system\CodeIgniter.php(401): CodeIgniter\CodeIgniter->createController()
#5 C:\xampp\htdocs\tokoku\system\CodeIgniter.php(318): CodeIgniter\CodeIgniter->handleRequest(NULL, Object(Config\Cache), false)
#6 C:\xampp\htdocs\tokoku\index.php(37): CodeIgniter\CodeIgniter->run()
#7 {main}
CRITICAL - 2021-12-24 22:03:55 -->  route cannot be found while reverse-routing.
#0 C:\xampp\htdocs\tokoku\system\HTTP\RedirectResponse.php(56): CodeIgniter\HTTP\Exceptions\HTTPException::forInvalidRedirectRoute('')
#1 C:\xampp\htdocs\tokoku\system\Common.php(840): CodeIgniter\HTTP\RedirectResponse->route(false)
#2 C:\xampp\htdocs\tokoku\app\Controllers\Barang.php(12): redirect('http://localhos...')
#3 C:\xampp\htdocs\tokoku\system\CodeIgniter.php(801): App\Controllers\Barang->__construct()
#4 C:\xampp\htdocs\tokoku\system\CodeIgniter.php(401): CodeIgniter\CodeIgniter->createController()
#5 C:\xampp\htdocs\tokoku\system\CodeIgniter.php(318): CodeIgniter\CodeIgniter->handleRequest(NULL, Object(Config\Cache), false)
#6 C:\xampp\htdocs\tokoku\index.php(37): CodeIgniter\CodeIgniter->run()
#7 {main}
CRITICAL - 2021-12-24 22:03:56 -->  route cannot be found while reverse-routing.
#0 C:\xampp\htdocs\tokoku\system\HTTP\RedirectResponse.php(56): CodeIgniter\HTTP\Exceptions\HTTPException::forInvalidRedirectRoute('')
#1 C:\xampp\htdocs\tokoku\system\Common.php(840): CodeIgniter\HTTP\RedirectResponse->route(false)
#2 C:\xampp\htdocs\tokoku\app\Controllers\Barang.php(12): redirect('http://localhos...')
#3 C:\xampp\htdocs\tokoku\system\CodeIgniter.php(801): App\Controllers\Barang->__construct()
#4 C:\xampp\htdocs\tokoku\system\CodeIgniter.php(401): CodeIgniter\CodeIgniter->createController()
#5 C:\xampp\htdocs\tokoku\system\CodeIgniter.php(318): CodeIgniter\CodeIgniter->handleRequest(NULL, Object(Config\Cache), false)
#6 C:\xampp\htdocs\tokoku\index.php(37): CodeIgniter\CodeIgniter->run()
#7 {main}
CRITICAL - 2021-12-24 22:03:56 -->  route cannot be found while reverse-routing.
#0 C:\xampp\htdocs\tokoku\system\HTTP\RedirectResponse.php(56): CodeIgniter\HTTP\Exceptions\HTTPException::forInvalidRedirectRoute('')
#1 C:\xampp\htdocs\tokoku\system\Common.php(840): CodeIgniter\HTTP\RedirectResponse->route(false)
#2 C:\xampp\htdocs\tokoku\app\Controllers\Barang.php(12): redirect('http://localhos...')
#3 C:\xampp\htdocs\tokoku\system\CodeIgniter.php(801): App\Controllers\Barang->__construct()
#4 C:\xampp\htdocs\tokoku\system\CodeIgniter.php(401): CodeIgniter\CodeIgniter->createController()
#5 C:\xampp\htdocs\tokoku\system\CodeIgniter.php(318): CodeIgniter\CodeIgniter->handleRequest(NULL, Object(Config\Cache), false)
#6 C:\xampp\htdocs\tokoku\index.php(37): CodeIgniter\CodeIgniter->run()
#7 {main}
CRITICAL - 2021-12-24 22:03:57 -->  route cannot be found while reverse-routing.
#0 C:\xampp\htdocs\tokoku\system\HTTP\RedirectResponse.php(56): CodeIgniter\HTTP\Exceptions\HTTPException::forInvalidRedirectRoute('')
#1 C:\xampp\htdocs\tokoku\system\Common.php(840): CodeIgniter\HTTP\RedirectResponse->route(false)
#2 C:\xampp\htdocs\tokoku\app\Controllers\Barang.php(12): redirect('http://localhos...')
#3 C:\xampp\htdocs\tokoku\system\CodeIgniter.php(801): App\Controllers\Barang->__construct()
#4 C:\xampp\htdocs\tokoku\system\CodeIgniter.php(401): CodeIgniter\CodeIgniter->createController()
#5 C:\xampp\htdocs\tokoku\system\CodeIgniter.php(318): CodeIgniter\CodeIgniter->handleRequest(NULL, Object(Config\Cache), false)
#6 C:\xampp\htdocs\tokoku\index.php(37): CodeIgniter\CodeIgniter->run()
#7 {main}
CRITICAL - 2021-12-24 22:03:57 -->  route cannot be found while reverse-routing.
#0 C:\xampp\htdocs\tokoku\system\HTTP\RedirectResponse.php(56): CodeIgniter\HTTP\Exceptions\HTTPException::forInvalidRedirectRoute('')
#1 C:\xampp\htdocs\tokoku\system\Common.php(840): CodeIgniter\HTTP\RedirectResponse->route(false)
#2 C:\xampp\htdocs\tokoku\app\Controllers\Barang.php(12): redirect('http://localhos...')
#3 C:\xampp\htdocs\tokoku\system\CodeIgniter.php(801): App\Controllers\Barang->__construct()
#4 C:\xampp\htdocs\tokoku\system\CodeIgniter.php(401): CodeIgniter\CodeIgniter->createController()
#5 C:\xampp\htdocs\tokoku\system\CodeIgniter.php(318): CodeIgniter\CodeIgniter->handleRequest(NULL, Object(Config\Cache), false)
#6 C:\xampp\htdocs\tokoku\index.php(37): CodeIgniter\CodeIgniter->run()
#7 {main}
CRITICAL - 2021-12-24 22:03:57 -->  route cannot be found while reverse-routing.
#0 C:\xampp\htdocs\tokoku\system\HTTP\RedirectResponse.php(56): CodeIgniter\HTTP\Exceptions\HTTPException::forInvalidRedirectRoute('')
#1 C:\xampp\htdocs\tokoku\system\Common.php(840): CodeIgniter\HTTP\RedirectResponse->route(false)
#2 C:\xampp\htdocs\tokoku\app\Controllers\Barang.php(12): redirect('http://localhos...')
#3 C:\xampp\htdocs\tokoku\system\CodeIgniter.php(801): App\Controllers\Barang->__construct()
#4 C:\xampp\htdocs\tokoku\system\CodeIgniter.php(401): CodeIgniter\CodeIgniter->createController()
#5 C:\xampp\htdocs\tokoku\system\CodeIgniter.php(318): CodeIgniter\CodeIgniter->handleRequest(NULL, Object(Config\Cache), false)
#6 C:\xampp\htdocs\tokoku\index.php(37): CodeIgniter\CodeIgniter->run()
#7 {main}
CRITICAL - 2021-12-24 22:03:58 -->  route cannot be found while reverse-routing.
#0 C:\xampp\htdocs\tokoku\system\HTTP\RedirectResponse.php(56): CodeIgniter\HTTP\Exceptions\HTTPException::forInvalidRedirectRoute('')
#1 C:\xampp\htdocs\tokoku\system\Common.php(840): CodeIgniter\HTTP\RedirectResponse->route(false)
#2 C:\xampp\htdocs\tokoku\app\Controllers\Barang.php(12): redirect('http://localhos...')
#3 C:\xampp\htdocs\tokoku\system\CodeIgniter.php(801): App\Controllers\Barang->__construct()
#4 C:\xampp\htdocs\tokoku\system\CodeIgniter.php(401): CodeIgniter\CodeIgniter->createController()
#5 C:\xampp\htdocs\tokoku\system\CodeIgniter.php(318): CodeIgniter\CodeIgniter->handleRequest(NULL, Object(Config\Cache), false)
#6 C:\xampp\htdocs\tokoku\index.php(37): CodeIgniter\CodeIgniter->run()
#7 {main}
CRITICAL - 2021-12-24 22:03:58 -->  route cannot be found while reverse-routing.
#0 C:\xampp\htdocs\tokoku\system\HTTP\RedirectResponse.php(56): CodeIgniter\HTTP\Exceptions\HTTPException::forInvalidRedirectRoute('')
#1 C:\xampp\htdocs\tokoku\system\Common.php(840): CodeIgniter\HTTP\RedirectResponse->route(false)
#2 C:\xampp\htdocs\tokoku\app\Controllers\Barang.php(12): redirect('http://localhos...')
#3 C:\xampp\htdocs\tokoku\system\CodeIgniter.php(801): App\Controllers\Barang->__construct()
#4 C:\xampp\htdocs\tokoku\system\CodeIgniter.php(401): CodeIgniter\CodeIgniter->createController()
#5 C:\xampp\htdocs\tokoku\system\CodeIgniter.php(318): CodeIgniter\CodeIgniter->handleRequest(NULL, Object(Config\Cache), false)
#6 C:\xampp\htdocs\tokoku\index.php(37): CodeIgniter\CodeIgniter->run()
#7 {main}
CRITICAL - 2021-12-24 22:03:58 -->  route cannot be found while reverse-routing.
#0 C:\xampp\htdocs\tokoku\system\HTTP\RedirectResponse.php(56): CodeIgniter\HTTP\Exceptions\HTTPException::forInvalidRedirectRoute('')
#1 C:\xampp\htdocs\tokoku\system\Common.php(840): CodeIgniter\HTTP\RedirectResponse->route(false)
#2 C:\xampp\htdocs\tokoku\app\Controllers\Barang.php(12): redirect('http://localhos...')
#3 C:\xampp\htdocs\tokoku\system\CodeIgniter.php(801): App\Controllers\Barang->__construct()
#4 C:\xampp\htdocs\tokoku\system\CodeIgniter.php(401): CodeIgniter\CodeIgniter->createController()
#5 C:\xampp\htdocs\tokoku\system\CodeIgniter.php(318): CodeIgniter\CodeIgniter->handleRequest(NULL, Object(Config\Cache), false)
#6 C:\xampp\htdocs\tokoku\index.php(37): CodeIgniter\CodeIgniter->run()
#7 {main}
CRITICAL - 2021-12-24 22:03:59 -->  route cannot be found while reverse-routing.
#0 C:\xampp\htdocs\tokoku\system\HTTP\RedirectResponse.php(56): CodeIgniter\HTTP\Exceptions\HTTPException::forInvalidRedirectRoute('')
#1 C:\xampp\htdocs\tokoku\system\Common.php(840): CodeIgniter\HTTP\RedirectResponse->route(false)
#2 C:\xampp\htdocs\tokoku\app\Controllers\Barang.php(12): redirect('http://localhos...')
#3 C:\xampp\htdocs\tokoku\system\CodeIgniter.php(801): App\Controllers\Barang->__construct()
#4 C:\xampp\htdocs\tokoku\system\CodeIgniter.php(401): CodeIgniter\CodeIgniter->createController()
#5 C:\xampp\htdocs\tokoku\system\CodeIgniter.php(318): CodeIgniter\CodeIgniter->handleRequest(NULL, Object(Config\Cache), false)
#6 C:\xampp\htdocs\tokoku\index.php(37): CodeIgniter\CodeIgniter->run()
#7 {main}
CRITICAL - 2021-12-24 22:03:59 -->  route cannot be found while reverse-routing.
#0 C:\xampp\htdocs\tokoku\system\HTTP\RedirectResponse.php(56): CodeIgniter\HTTP\Exceptions\HTTPException::forInvalidRedirectRoute('')
#1 C:\xampp\htdocs\tokoku\system\Common.php(840): CodeIgniter\HTTP\RedirectResponse->route(false)
#2 C:\xampp\htdocs\tokoku\app\Controllers\Barang.php(12): redirect('http://localhos...')
#3 C:\xampp\htdocs\tokoku\system\CodeIgniter.php(801): App\Controllers\Barang->__construct()
#4 C:\xampp\htdocs\tokoku\system\CodeIgniter.php(401): CodeIgniter\CodeIgniter->createController()
#5 C:\xampp\htdocs\tokoku\system\CodeIgniter.php(318): CodeIgniter\CodeIgniter->handleRequest(NULL, Object(Config\Cache), false)
#6 C:\xampp\htdocs\tokoku\index.php(37): CodeIgniter\CodeIgniter->run()
#7 {main}
CRITICAL - 2021-12-24 22:03:59 -->  route cannot be found while reverse-routing.
#0 C:\xampp\htdocs\tokoku\system\HTTP\RedirectResponse.php(56): CodeIgniter\HTTP\Exceptions\HTTPException::forInvalidRedirectRoute('')
#1 C:\xampp\htdocs\tokoku\system\Common.php(840): CodeIgniter\HTTP\RedirectResponse->route(false)
#2 C:\xampp\htdocs\tokoku\app\Controllers\Barang.php(12): redirect('http://localhos...')
#3 C:\xampp\htdocs\tokoku\system\CodeIgniter.php(801): App\Controllers\Barang->__construct()
#4 C:\xampp\htdocs\tokoku\system\CodeIgniter.php(401): CodeIgniter\CodeIgniter->createController()
#5 C:\xampp\htdocs\tokoku\system\CodeIgniter.php(318): CodeIgniter\CodeIgniter->handleRequest(NULL, Object(Config\Cache), false)
#6 C:\xampp\htdocs\tokoku\index.php(37): CodeIgniter\CodeIgniter->run()
#7 {main}
CRITICAL - 2021-12-24 22:04:00 -->  route cannot be found while reverse-routing.
#0 C:\xampp\htdocs\tokoku\system\HTTP\RedirectResponse.php(56): CodeIgniter\HTTP\Exceptions\HTTPException::forInvalidRedirectRoute('')
#1 C:\xampp\htdocs\tokoku\system\Common.php(840): CodeIgniter\HTTP\RedirectResponse->route(false)
#2 C:\xampp\htdocs\tokoku\app\Controllers\Barang.php(12): redirect('http://localhos...')
#3 C:\xampp\htdocs\tokoku\system\CodeIgniter.php(801): App\Controllers\Barang->__construct()
#4 C:\xampp\htdocs\tokoku\system\CodeIgniter.php(401): CodeIgniter\CodeIgniter->createController()
#5 C:\xampp\htdocs\tokoku\system\CodeIgniter.php(318): CodeIgniter\CodeIgniter->handleRequest(NULL, Object(Config\Cache), false)
#6 C:\xampp\htdocs\tokoku\index.php(37): CodeIgniter\CodeIgniter->run()
#7 {main}
CRITICAL - 2021-12-24 22:04:02 -->  route cannot be found while reverse-routing.
#0 C:\xampp\htdocs\tokoku\system\HTTP\RedirectResponse.php(56): CodeIgniter\HTTP\Exceptions\HTTPException::forInvalidRedirectRoute('')
#1 C:\xampp\htdocs\tokoku\system\Common.php(840): CodeIgniter\HTTP\RedirectResponse->route(false)
#2 C:\xampp\htdocs\tokoku\app\Controllers\Barang.php(12): redirect('http://localhos...')
#3 C:\xampp\htdocs\tokoku\system\CodeIgniter.php(801): App\Controllers\Barang->__construct()
#4 C:\xampp\htdocs\tokoku\system\CodeIgniter.php(401): CodeIgniter\CodeIgniter->createController()
#5 C:\xampp\htdocs\tokoku\system\CodeIgniter.php(318): CodeIgniter\CodeIgniter->handleRequest(NULL, Object(Config\Cache), false)
#6 C:\xampp\htdocs\tokoku\index.php(37): CodeIgniter\CodeIgniter->run()
#7 {main}
CRITICAL - 2021-12-24 22:15:10 --> Undefined property: App\Controllers\Barang::$barangModel
#0 C:\xampp\htdocs\tokoku\app\Controllers\Barang.php(18): CodeIgniter\Debug\Exceptions->errorHandler(8, 'Undefined prope...', 'C:\\xampp\\htdocs...', 18, Array)
#1 C:\xampp\htdocs\tokoku\system\CodeIgniter.php(824): App\Controllers\Barang->index()
#2 C:\xampp\htdocs\tokoku\system\CodeIgniter.php(410): CodeIgniter\CodeIgniter->runController(Object(App\Controllers\Barang))
#3 C:\xampp\htdocs\tokoku\system\CodeIgniter.php(318): CodeIgniter\CodeIgniter->handleRequest(NULL, Object(Config\Cache), false)
#4 C:\xampp\htdocs\tokoku\index.php(37): CodeIgniter\CodeIgniter->run()
#5 {main}
CRITICAL - 2021-12-24 22:15:11 --> Undefined property: App\Controllers\Barang::$barangModel
#0 C:\xampp\htdocs\tokoku\app\Controllers\Barang.php(18): CodeIgniter\Debug\Exceptions->errorHandler(8, 'Undefined prope...', 'C:\\xampp\\htdocs...', 18, Array)
#1 C:\xampp\htdocs\tokoku\system\CodeIgniter.php(824): App\Controllers\Barang->index()
#2 C:\xampp\htdocs\tokoku\system\CodeIgniter.php(410): CodeIgniter\CodeIgniter->runController(Object(App\Controllers\Barang))
#3 C:\xampp\htdocs\tokoku\system\CodeIgniter.php(318): CodeIgniter\CodeIgniter->handleRequest(NULL, Object(Config\Cache), false)
#4 C:\xampp\htdocs\tokoku\index.php(37): CodeIgniter\CodeIgniter->run()
#5 {main}
CRITICAL - 2021-12-24 22:15:11 --> Undefined property: App\Controllers\Barang::$barangModel
#0 C:\xampp\htdocs\tokoku\app\Controllers\Barang.php(18): CodeIgniter\Debug\Exceptions->errorHandler(8, 'Undefined prope...', 'C:\\xampp\\htdocs...', 18, Array)
#1 C:\xampp\htdocs\tokoku\system\CodeIgniter.php(824): App\Controllers\Barang->index()
#2 C:\xampp\htdocs\tokoku\system\CodeIgniter.php(410): CodeIgniter\CodeIgniter->runController(Object(App\Controllers\Barang))
#3 C:\xampp\htdocs\tokoku\system\CodeIgniter.php(318): CodeIgniter\CodeIgniter->handleRequest(NULL, Object(Config\Cache), false)
#4 C:\xampp\htdocs\tokoku\index.php(37): CodeIgniter\CodeIgniter->run()
#5 {main}
CRITICAL - 2021-12-24 22:15:12 --> Undefined property: App\Controllers\Barang::$barangModel
#0 C:\xampp\htdocs\tokoku\app\Controllers\Barang.php(18): CodeIgniter\Debug\Exceptions->errorHandler(8, 'Undefined prope...', 'C:\\xampp\\htdocs...', 18, Array)
#1 C:\xampp\htdocs\tokoku\system\CodeIgniter.php(824): App\Controllers\Barang->index()
#2 C:\xampp\htdocs\tokoku\system\CodeIgniter.php(410): CodeIgniter\CodeIgniter->runController(Object(App\Controllers\Barang))
#3 C:\xampp\htdocs\tokoku\system\CodeIgniter.php(318): CodeIgniter\CodeIgniter->handleRequest(NULL, Object(Config\Cache), false)
#4 C:\xampp\htdocs\tokoku\index.php(37): CodeIgniter\CodeIgniter->run()
#5 {main}
CRITICAL - 2021-12-24 22:15:12 --> Undefined property: App\Controllers\Barang::$barangModel
#0 C:\xampp\htdocs\tokoku\app\Controllers\Barang.php(18): CodeIgniter\Debug\Exceptions->errorHandler(8, 'Undefined prope...', 'C:\\xampp\\htdocs...', 18, Array)
#1 C:\xampp\htdocs\tokoku\system\CodeIgniter.php(824): App\Controllers\Barang->index()
#2 C:\xampp\htdocs\tokoku\system\CodeIgniter.php(410): CodeIgniter\CodeIgniter->runController(Object(App\Controllers\Barang))
#3 C:\xampp\htdocs\tokoku\system\CodeIgniter.php(318): CodeIgniter\CodeIgniter->handleRequest(NULL, Object(Config\Cache), false)
#4 C:\xampp\htdocs\tokoku\index.php(37): CodeIgniter\CodeIgniter->run()
#5 {main}
CRITICAL - 2021-12-24 22:15:12 --> Undefined property: App\Controllers\Barang::$barangModel
#0 C:\xampp\htdocs\tokoku\app\Controllers\Barang.php(18): CodeIgniter\Debug\Exceptions->errorHandler(8, 'Undefined prope...', 'C:\\xampp\\htdocs...', 18, Array)
#1 C:\xampp\htdocs\tokoku\system\CodeIgniter.php(824): App\Controllers\Barang->index()
#2 C:\xampp\htdocs\tokoku\system\CodeIgniter.php(410): CodeIgniter\CodeIgniter->runController(Object(App\Controllers\Barang))
#3 C:\xampp\htdocs\tokoku\system\CodeIgniter.php(318): CodeIgniter\CodeIgniter->handleRequest(NULL, Object(Config\Cache), false)
#4 C:\xampp\htdocs\tokoku\index.php(37): CodeIgniter\CodeIgniter->run()
#5 {main}
CRITICAL - 2021-12-24 22:15:13 --> Undefined property: App\Controllers\Barang::$barangModel
#0 C:\xampp\htdocs\tokoku\app\Controllers\Barang.php(18): CodeIgniter\Debug\Exceptions->errorHandler(8, 'Undefined prope...', 'C:\\xampp\\htdocs...', 18, Array)
#1 C:\xampp\htdocs\tokoku\system\CodeIgniter.php(824): App\Controllers\Barang->index()
#2 C:\xampp\htdocs\tokoku\system\CodeIgniter.php(410): CodeIgniter\CodeIgniter->runController(Object(App\Controllers\Barang))
#3 C:\xampp\htdocs\tokoku\system\CodeIgniter.php(318): CodeIgniter\CodeIgniter->handleRequest(NULL, Object(Config\Cache), false)
#4 C:\xampp\htdocs\tokoku\index.php(37): CodeIgniter\CodeIgniter->run()
#5 {main}
CRITICAL - 2021-12-24 22:17:26 --> Undefined property: App\Controllers\Barang::$barangModel
#0 C:\xampp\htdocs\tokoku\app\Controllers\Barang.php(19): CodeIgniter\Debug\Exceptions->errorHandler(8, 'Undefined prope...', 'C:\\xampp\\htdocs...', 19, Array)
#1 C:\xampp\htdocs\tokoku\system\CodeIgniter.php(824): App\Controllers\Barang->index()
#2 C:\xampp\htdocs\tokoku\system\CodeIgniter.php(410): CodeIgniter\CodeIgniter->runController(Object(App\Controllers\Barang))
#3 C:\xampp\htdocs\tokoku\system\CodeIgniter.php(318): CodeIgniter\CodeIgniter->handleRequest(NULL, Object(Config\Cache), false)
#4 C:\xampp\htdocs\tokoku\index.php(37): CodeIgniter\CodeIgniter->run()
#5 {main}
CRITICAL - 2021-12-24 22:17:27 --> Undefined property: App\Controllers\Barang::$barangModel
#0 C:\xampp\htdocs\tokoku\app\Controllers\Barang.php(19): CodeIgniter\Debug\Exceptions->errorHandler(8, 'Undefined prope...', 'C:\\xampp\\htdocs...', 19, Array)
#1 C:\xampp\htdocs\tokoku\system\CodeIgniter.php(824): App\Controllers\Barang->index()
#2 C:\xampp\htdocs\tokoku\system\CodeIgniter.php(410): CodeIgniter\CodeIgniter->runController(Object(App\Controllers\Barang))
#3 C:\xampp\htdocs\tokoku\system\CodeIgniter.php(318): CodeIgniter\CodeIgniter->handleRequest(NULL, Object(Config\Cache), false)
#4 C:\xampp\htdocs\tokoku\index.php(37): CodeIgniter\CodeIgniter->run()
#5 {main}
CRITICAL - 2021-12-24 22:17:28 --> Undefined property: App\Controllers\Barang::$barangModel
#0 C:\xampp\htdocs\tokoku\app\Controllers\Barang.php(19): CodeIgniter\Debug\Exceptions->errorHandler(8, 'Undefined prope...', 'C:\\xampp\\htdocs...', 19, Array)
#1 C:\xampp\htdocs\tokoku\system\CodeIgniter.php(824): App\Controllers\Barang->index()
#2 C:\xampp\htdocs\tokoku\system\CodeIgniter.php(410): CodeIgniter\CodeIgniter->runController(Object(App\Controllers\Barang))
#3 C:\xampp\htdocs\tokoku\system\CodeIgniter.php(318): CodeIgniter\CodeIgniter->handleRequest(NULL, Object(Config\Cache), false)
#4 C:\xampp\htdocs\tokoku\index.php(37): CodeIgniter\CodeIgniter->run()
#5 {main}
ERROR - 2021-12-24 22:17:48 --> Column 'nama' cannot be null
CRITICAL - 2021-12-24 22:17:48 --> Column 'nama' cannot be null
#0 C:\xampp\htdocs\tokoku\system\Database\MySQLi\Connection.php(292): mysqli->query('INSERT INTO `ba...', 0)
#1 C:\xampp\htdocs\tokoku\system\Database\BaseConnection.php(670): CodeIgniter\Database\MySQLi\Connection->execute('INSERT INTO `ba...')
#2 C:\xampp\htdocs\tokoku\system\Database\BaseConnection.php(598): CodeIgniter\Database\BaseConnection->simpleQuery('INSERT INTO `ba...')
#3 C:\xampp\htdocs\tokoku\system\Database\BaseBuilder.php(1759): CodeIgniter\Database\BaseConnection->query('INSERT INTO `ba...', Array, false)
#4 C:\xampp\htdocs\tokoku\system\Model.php(239): CodeIgniter\Database\BaseBuilder->insert()
#5 C:\xampp\htdocs\tokoku\system\BaseModel.php(738): CodeIgniter\Model->doInsert(Array)
#6 C:\xampp\htdocs\tokoku\system\Model.php(620): CodeIgniter\BaseModel->insert(Array, false)
#7 C:\xampp\htdocs\tokoku\system\BaseModel.php(658): CodeIgniter\Model->insert(Array, false)
#8 C:\xampp\htdocs\tokoku\app\Controllers\Barang.php(35): CodeIgniter\BaseModel->save(Array)
#9 C:\xampp\htdocs\tokoku\system\CodeIgniter.php(824): App\Controllers\Barang->tambah()
#10 C:\xampp\htdocs\tokoku\system\CodeIgniter.php(410): CodeIgniter\CodeIgniter->runController(Object(App\Controllers\Barang))
#11 C:\xampp\htdocs\tokoku\system\CodeIgniter.php(318): CodeIgniter\CodeIgniter->handleRequest(NULL, Object(Config\Cache), false)
#12 C:\xampp\htdocs\tokoku\index.php(37): CodeIgniter\CodeIgniter->run()
#13 {main}
ERROR - 2021-12-24 22:42:09 --> Column 'nama' cannot be null
CRITICAL - 2021-12-24 22:42:09 --> Column 'nama' cannot be null
#0 C:\xampp\htdocs\tokoku\system\Database\MySQLi\Connection.php(292): mysqli->query('INSERT INTO `ba...', 0)
#1 C:\xampp\htdocs\tokoku\system\Database\BaseConnection.php(670): CodeIgniter\Database\MySQLi\Connection->execute('INSERT INTO `ba...')
#2 C:\xampp\htdocs\tokoku\system\Database\BaseConnection.php(598): CodeIgniter\Database\BaseConnection->simpleQuery('INSERT INTO `ba...')
#3 C:\xampp\htdocs\tokoku\system\Database\BaseBuilder.php(1759): CodeIgniter\Database\BaseConnection->query('INSERT INTO `ba...', Array, false)
#4 C:\xampp\htdocs\tokoku\system\Model.php(239): CodeIgniter\Database\BaseBuilder->insert()
#5 C:\xampp\htdocs\tokoku\system\BaseModel.php(738): CodeIgniter\Model->doInsert(Array)
#6 C:\xampp\htdocs\tokoku\system\Model.php(620): CodeIgniter\BaseModel->insert(Array, false)
#7 C:\xampp\htdocs\tokoku\system\BaseModel.php(658): CodeIgniter\Model->insert(Array, false)
#8 C:\xampp\htdocs\tokoku\app\Controllers\Barang.php(34): CodeIgniter\BaseModel->save(Array)
#9 C:\xampp\htdocs\tokoku\system\CodeIgniter.php(824): App\Controllers\Barang->tambah()
#10 C:\xampp\htdocs\tokoku\system\CodeIgniter.php(410): CodeIgniter\CodeIgniter->runController(Object(App\Controllers\Barang))
#11 C:\xampp\htdocs\tokoku\system\CodeIgniter.php(318): CodeIgniter\CodeIgniter->handleRequest(NULL, Object(Config\Cache), false)
#12 C:\xampp\htdocs\tokoku\index.php(37): CodeIgniter\CodeIgniter->run()
#13 {main}
ERROR - 2021-12-24 22:42:48 --> Column 'nama' cannot be null
CRITICAL - 2021-12-24 22:42:49 --> Column 'nama' cannot be null
#0 C:\xampp\htdocs\tokoku\system\Database\MySQLi\Connection.php(292): mysqli->query('INSERT INTO `ba...', 0)
#1 C:\xampp\htdocs\tokoku\system\Database\BaseConnection.php(670): CodeIgniter\Database\MySQLi\Connection->execute('INSERT INTO `ba...')
#2 C:\xampp\htdocs\tokoku\system\Database\BaseConnection.php(598): CodeIgniter\Database\BaseConnection->simpleQuery('INSERT INTO `ba...')
#3 C:\xampp\htdocs\tokoku\system\Database\BaseBuilder.php(1759): CodeIgniter\Database\BaseConnection->query('INSERT INTO `ba...', Array, false)
#4 C:\xampp\htdocs\tokoku\system\Model.php(239): CodeIgniter\Database\BaseBuilder->insert()
#5 C:\xampp\htdocs\tokoku\system\BaseModel.php(738): CodeIgniter\Model->doInsert(Array)
#6 C:\xampp\htdocs\tokoku\system\Model.php(620): CodeIgniter\BaseModel->insert(Array, false)
#7 C:\xampp\htdocs\tokoku\system\BaseModel.php(658): CodeIgniter\Model->insert(Array, false)
#8 C:\xampp\htdocs\tokoku\app\Controllers\Barang.php(34): CodeIgniter\BaseModel->save(Array)
#9 C:\xampp\htdocs\tokoku\system\CodeIgniter.php(824): App\Controllers\Barang->tambah()
#10 C:\xampp\htdocs\tokoku\system\CodeIgniter.php(410): CodeIgniter\CodeIgniter->runController(Object(App\Controllers\Barang))
#11 C:\xampp\htdocs\tokoku\system\CodeIgniter.php(318): CodeIgniter\CodeIgniter->handleRequest(NULL, Object(Config\Cache), false)
#12 C:\xampp\htdocs\tokoku\index.php(37): CodeIgniter\CodeIgniter->run()
#13 {main}
ERROR - 2021-12-24 22:43:01 --> Column 'nama' cannot be null
CRITICAL - 2021-12-24 22:43:01 --> Column 'nama' cannot be null
#0 C:\xampp\htdocs\tokoku\system\Database\MySQLi\Connection.php(292): mysqli->query('INSERT INTO `ba...', 0)
#1 C:\xampp\htdocs\tokoku\system\Database\BaseConnection.php(670): CodeIgniter\Database\MySQLi\Connection->execute('INSERT INTO `ba...')
#2 C:\xampp\htdocs\tokoku\system\Database\BaseConnection.php(598): CodeIgniter\Database\BaseConnection->simpleQuery('INSERT INTO `ba...')
#3 C:\xampp\htdocs\tokoku\system\Database\BaseBuilder.php(1759): CodeIgniter\Database\BaseConnection->query('INSERT INTO `ba...', Array, false)
#4 C:\xampp\htdocs\tokoku\system\Model.php(239): CodeIgniter\Database\BaseBuilder->insert()
#5 C:\xampp\htdocs\tokoku\system\BaseModel.php(738): CodeIgniter\Model->doInsert(Array)
#6 C:\xampp\htdocs\tokoku\system\Model.php(620): CodeIgniter\BaseModel->insert(Array, false)
#7 C:\xampp\htdocs\tokoku\system\BaseModel.php(658): CodeIgniter\Model->insert(Array, false)
#8 C:\xampp\htdocs\tokoku\app\Controllers\Barang.php(34): CodeIgniter\BaseModel->save(Array)
#9 C:\xampp\htdocs\tokoku\system\CodeIgniter.php(824): App\Controllers\Barang->tambah()
#10 C:\xampp\htdocs\tokoku\system\CodeIgniter.php(410): CodeIgniter\CodeIgniter->runController(Object(App\Controllers\Barang))
#11 C:\xampp\htdocs\tokoku\system\CodeIgniter.php(318): CodeIgniter\CodeIgniter->handleRequest(NULL, Object(Config\Cache), false)
#12 C:\xampp\htdocs\tokoku\index.php(37): CodeIgniter\CodeIgniter->run()
#13 {main}
ERROR - 2021-12-24 22:43:02 --> Column 'nama' cannot be null
CRITICAL - 2021-12-24 22:43:02 --> Column 'nama' cannot be null
#0 C:\xampp\htdocs\tokoku\system\Database\MySQLi\Connection.php(292): mysqli->query('INSERT INTO `ba...', 0)
#1 C:\xampp\htdocs\tokoku\system\Database\BaseConnection.php(670): CodeIgniter\Database\MySQLi\Connection->execute('INSERT INTO `ba...')
#2 C:\xampp\htdocs\tokoku\system\Database\BaseConnection.php(598): CodeIgniter\Database\BaseConnection->simpleQuery('INSERT INTO `ba...')
#3 C:\xampp\htdocs\tokoku\system\Database\BaseBuilder.php(1759): CodeIgniter\Database\BaseConnection->query('INSERT INTO `ba...', Array, false)
#4 C:\xampp\htdocs\tokoku\system\Model.php(239): CodeIgniter\Database\BaseBuilder->insert()
#5 C:\xampp\htdocs\tokoku\system\BaseModel.php(738): CodeIgniter\Model->doInsert(Array)
#6 C:\xampp\htdocs\tokoku\system\Model.php(620): CodeIgniter\BaseModel->insert(Array, false)
#7 C:\xampp\htdocs\tokoku\system\BaseModel.php(658): CodeIgniter\Model->insert(Array, false)
#8 C:\xampp\htdocs\tokoku\app\Controllers\Barang.php(34): CodeIgniter\BaseModel->save(Array)
#9 C:\xampp\htdocs\tokoku\system\CodeIgniter.php(824): App\Controllers\Barang->tambah()
#10 C:\xampp\htdocs\tokoku\system\CodeIgniter.php(410): CodeIgniter\CodeIgniter->runController(Object(App\Controllers\Barang))
#11 C:\xampp\htdocs\tokoku\system\CodeIgniter.php(318): CodeIgniter\CodeIgniter->handleRequest(NULL, Object(Config\Cache), false)
#12 C:\xampp\htdocs\tokoku\index.php(37): CodeIgniter\CodeIgniter->run()
#13 {main}
ERROR - 2021-12-24 22:43:03 --> Column 'nama' cannot be null
CRITICAL - 2021-12-24 22:43:03 --> Column 'nama' cannot be null
#0 C:\xampp\htdocs\tokoku\system\Database\MySQLi\Connection.php(292): mysqli->query('INSERT INTO `ba...', 0)
#1 C:\xampp\htdocs\tokoku\system\Database\BaseConnection.php(670): CodeIgniter\Database\MySQLi\Connection->execute('INSERT INTO `ba...')
#2 C:\xampp\htdocs\tokoku\system\Database\BaseConnection.php(598): CodeIgniter\Database\BaseConnection->simpleQuery('INSERT INTO `ba...')
#3 C:\xampp\htdocs\tokoku\system\Database\BaseBuilder.php(1759): CodeIgniter\Database\BaseConnection->query('INSERT INTO `ba...', Array, false)
#4 C:\xampp\htdocs\tokoku\system\Model.php(239): CodeIgniter\Database\BaseBuilder->insert()
#5 C:\xampp\htdocs\tokoku\system\BaseModel.php(738): CodeIgniter\Model->doInsert(Array)
#6 C:\xampp\htdocs\tokoku\system\Model.php(620): CodeIgniter\BaseModel->insert(Array, false)
#7 C:\xampp\htdocs\tokoku\system\BaseModel.php(658): CodeIgniter\Model->insert(Array, false)
#8 C:\xampp\htdocs\tokoku\app\Controllers\Barang.php(34): CodeIgniter\BaseModel->save(Array)
#9 C:\xampp\htdocs\tokoku\system\CodeIgniter.php(824): App\Controllers\Barang->tambah()
#10 C:\xampp\htdocs\tokoku\system\CodeIgniter.php(410): CodeIgniter\CodeIgniter->runController(Object(App\Controllers\Barang))
#11 C:\xampp\htdocs\tokoku\system\CodeIgniter.php(318): CodeIgniter\CodeIgniter->handleRequest(NULL, Object(Config\Cache), false)
#12 C:\xampp\htdocs\tokoku\index.php(37): CodeIgniter\CodeIgniter->run()
#13 {main}
ERROR - 2021-12-24 22:43:03 --> Column 'nama' cannot be null
CRITICAL - 2021-12-24 22:43:03 --> Column 'nama' cannot be null
#0 C:\xampp\htdocs\tokoku\system\Database\MySQLi\Connection.php(292): mysqli->query('INSERT INTO `ba...', 0)
#1 C:\xampp\htdocs\tokoku\system\Database\BaseConnection.php(670): CodeIgniter\Database\MySQLi\Connection->execute('INSERT INTO `ba...')
#2 C:\xampp\htdocs\tokoku\system\Database\BaseConnection.php(598): CodeIgniter\Database\BaseConnection->simpleQuery('INSERT INTO `ba...')
#3 C:\xampp\htdocs\tokoku\system\Database\BaseBuilder.php(1759): CodeIgniter\Database\BaseConnection->query('INSERT INTO `ba...', Array, false)
#4 C:\xampp\htdocs\tokoku\system\Model.php(239): CodeIgniter\Database\BaseBuilder->insert()
#5 C:\xampp\htdocs\tokoku\system\BaseModel.php(738): CodeIgniter\Model->doInsert(Array)
#6 C:\xampp\htdocs\tokoku\system\Model.php(620): CodeIgniter\BaseModel->insert(Array, false)
#7 C:\xampp\htdocs\tokoku\system\BaseModel.php(658): CodeIgniter\Model->insert(Array, false)
#8 C:\xampp\htdocs\tokoku\app\Controllers\Barang.php(34): CodeIgniter\BaseModel->save(Array)
#9 C:\xampp\htdocs\tokoku\system\CodeIgniter.php(824): App\Controllers\Barang->tambah()
#10 C:\xampp\htdocs\tokoku\system\CodeIgniter.php(410): CodeIgniter\CodeIgniter->runController(Object(App\Controllers\Barang))
#11 C:\xampp\htdocs\tokoku\system\CodeIgniter.php(318): CodeIgniter\CodeIgniter->handleRequest(NULL, Object(Config\Cache), false)
#12 C:\xampp\htdocs\tokoku\index.php(37): CodeIgniter\CodeIgniter->run()
#13 {main}
ERROR - 2021-12-24 22:43:25 --> Column 'nama' cannot be null
CRITICAL - 2021-12-24 22:43:25 --> Column 'nama' cannot be null
#0 C:\xampp\htdocs\tokoku\system\Database\MySQLi\Connection.php(292): mysqli->query('INSERT INTO `ba...', 0)
#1 C:\xampp\htdocs\tokoku\system\Database\BaseConnection.php(670): CodeIgniter\Database\MySQLi\Connection->execute('INSERT INTO `ba...')
#2 C:\xampp\htdocs\tokoku\system\Database\BaseConnection.php(598): CodeIgniter\Database\BaseConnection->simpleQuery('INSERT INTO `ba...')
#3 C:\xampp\htdocs\tokoku\system\Database\BaseBuilder.php(1759): CodeIgniter\Database\BaseConnection->query('INSERT INTO `ba...', Array, false)
#4 C:\xampp\htdocs\tokoku\system\Model.php(239): CodeIgniter\Database\BaseBuilder->insert()
#5 C:\xampp\htdocs\tokoku\system\BaseModel.php(738): CodeIgniter\Model->doInsert(Array)
#6 C:\xampp\htdocs\tokoku\system\Model.php(620): CodeIgniter\BaseModel->insert(Array, false)
#7 C:\xampp\htdocs\tokoku\system\BaseModel.php(658): CodeIgniter\Model->insert(Array, false)
#8 C:\xampp\htdocs\tokoku\app\Controllers\Barang.php(34): CodeIgniter\BaseModel->save(Array)
#9 C:\xampp\htdocs\tokoku\system\CodeIgniter.php(824): App\Controllers\Barang->tambah()
#10 C:\xampp\htdocs\tokoku\system\CodeIgniter.php(410): CodeIgniter\CodeIgniter->runController(Object(App\Controllers\Barang))
#11 C:\xampp\htdocs\tokoku\system\CodeIgniter.php(318): CodeIgniter\CodeIgniter->handleRequest(NULL, Object(Config\Cache), false)
#12 C:\xampp\htdocs\tokoku\index.php(37): CodeIgniter\CodeIgniter->run()
#13 {main}
CRITICAL - 2021-12-24 23:01:32 --> Undefined variable: totalTime
#0 C:\xampp\htdocs\tokoku\system\Debug\Toolbar\Views\toolbar.tpl.php(40): CodeIgniter\Debug\Exceptions->errorHandler(8, 'Undefined varia...', 'C:\\xampp\\htdocs...', 40, Array)
#1 C:\xampp\htdocs\tokoku\system\Debug\Toolbar.php(497): include('C:\\xampp\\htdocs...')
#2 C:\xampp\htdocs\tokoku\system\Debug\Toolbar.php(460): CodeIgniter\Debug\Toolbar->format(Array, 'html')
#3 C:\xampp\htdocs\tokoku\app\Config\Events.php(48): CodeIgniter\Debug\Toolbar->respond()
#4 C:\xampp\htdocs\tokoku\system\Events\Events.php(149): CodeIgniter\Events\Events::Config\{closure}()
#5 C:\xampp\htdocs\tokoku\system\CodeIgniter.php(300): CodeIgniter\Events\Events::trigger('pre_system')
#6 C:\xampp\htdocs\tokoku\index.php(37): CodeIgniter\CodeIgniter->run()
#7 {main}
